

Started GET "/assets/rails.png" for 127.0.0.1 at 2012-12-04 12:42:20 -0600
Connecting to database specified by database.yml
Served asset /rails.png - 200 OK (4ms)


Started GET "/" for 127.0.0.1 at 2012-12-04 12:51:07 -0600

ActionController::RoutingError (No route matches [GET] "/"):
  actionpack (3.2.9) lib/action_dispatch/middleware/debug_exceptions.rb:21:in `call'
  actionpack (3.2.9) lib/action_dispatch/middleware/show_exceptions.rb:56:in `call'
  railties (3.2.9) lib/rails/rack/logger.rb:32:in `call_app'
  railties (3.2.9) lib/rails/rack/logger.rb:16:in `block in call'
  activesupport (3.2.9) lib/active_support/tagged_logging.rb:22:in `tagged'
  railties (3.2.9) lib/rails/rack/logger.rb:16:in `call'
  actionpack (3.2.9) lib/action_dispatch/middleware/request_id.rb:22:in `call'
  rack (1.4.1) lib/rack/methodoverride.rb:21:in `call'
  rack (1.4.1) lib/rack/runtime.rb:17:in `call'
  activesupport (3.2.9) lib/active_support/cache/strategy/local_cache.rb:72:in `call'
  rack (1.4.1) lib/rack/lock.rb:15:in `call'
  actionpack (3.2.9) lib/action_dispatch/middleware/static.rb:62:in `call'
  railties (3.2.9) lib/rails/engine.rb:479:in `call'
  railties (3.2.9) lib/rails/application.rb:223:in `call'
  rack (1.4.1) lib/rack/content_length.rb:14:in `call'
  railties (3.2.9) lib/rails/rack/log_tailer.rb:17:in `call'
  rack (1.4.1) lib/rack/handler/webrick.rb:59:in `service'
  /Users/swgerlach/.rvm/rubies/ruby-1.9.3-p194/lib/ruby/1.9.1/webrick/httpserver.rb:138:in `service'
  /Users/swgerlach/.rvm/rubies/ruby-1.9.3-p194/lib/ruby/1.9.1/webrick/httpserver.rb:94:in `run'
  /Users/swgerlach/.rvm/rubies/ruby-1.9.3-p194/lib/ruby/1.9.1/webrick/server.rb:191:in `block in start_thread'


  Rendered /Users/swgerlach/.rvm/gems/ruby-1.9.3-p194/gems/actionpack-3.2.9/lib/action_dispatch/middleware/templates/rescues/routing_error.erb within rescues/layout (1.4ms)


Started GET "/" for 127.0.0.1 at 2012-12-04 12:58:55 -0600
Processing by StaticPagesController#home as HTML
  Rendered static_pages/home.html.erb within layouts/application (0.2ms)
Compiled static_pages.css  (36ms)  (pid 48465)
Compiled application.css  (42ms)  (pid 48465)
Compiled jquery.js  (1ms)  (pid 48465)
Compiled jquery_ujs.js  (0ms)  (pid 48465)
Compiled static_pages.js  (148ms)  (pid 48465)
Compiled application.js  (202ms)  (pid 48465)
Completed 200 OK in 316ms (Views: 315.6ms | ActiveRecord: 0.0ms)


Started GET "/assets/application.css?body=1" for 127.0.0.1 at 2012-12-04 12:58:56 -0600
Served asset /application.css - 200 OK (2ms)


Started GET "/assets/static_pages.css?body=1" for 127.0.0.1 at 2012-12-04 12:58:56 -0600
Served asset /static_pages.css - 200 OK (1ms)


Started GET "/assets/jquery.js?body=1" for 127.0.0.1 at 2012-12-04 12:58:56 -0600
Served asset /jquery.js - 200 OK (4ms)


Started GET "/assets/jquery_ujs.js?body=1" for 127.0.0.1 at 2012-12-04 12:58:56 -0600
Served asset /jquery_ujs.js - 200 OK (1ms)


Started GET "/assets/application.js?body=1" for 127.0.0.1 at 2012-12-04 12:58:56 -0600
Served asset /application.js - 200 OK (19ms)


Started GET "/assets/static_pages.js?body=1" for 127.0.0.1 at 2012-12-04 12:58:56 -0600
Served asset /static_pages.js - 200 OK (1ms)


Started GET "/" for 127.0.0.1 at 2012-12-04 13:05:37 -0600
Processing by StaticPagesController#home as HTML
  Rendered static_pages/home.html.erb within layouts/application (0.5ms)
Completed 200 OK in 4ms (Views: 3.6ms | ActiveRecord: 0.0ms)


Started GET "/assets/application.css?body=1" for 127.0.0.1 at 2012-12-04 13:05:37 -0600
Served asset /application.css - 304 Not Modified (0ms)


Started GET "/assets/jquery.js?body=1" for 127.0.0.1 at 2012-12-04 13:05:37 -0600
Served asset /jquery.js - 304 Not Modified (0ms)


Started GET "/assets/static_pages.css?body=1" for 127.0.0.1 at 2012-12-04 13:05:37 -0600
Served asset /static_pages.css - 304 Not Modified (0ms)


Started GET "/assets/static_pages.js?body=1" for 127.0.0.1 at 2012-12-04 13:05:37 -0600
Served asset /static_pages.js - 304 Not Modified (0ms)


Started GET "/assets/jquery_ujs.js?body=1" for 127.0.0.1 at 2012-12-04 13:05:37 -0600
Served asset /jquery_ujs.js - 304 Not Modified (0ms)


Started GET "/assets/application.js?body=1" for 127.0.0.1 at 2012-12-04 13:05:37 -0600
Served asset /application.js - 304 Not Modified (0ms)


Started GET "/" for 127.0.0.1 at 2012-12-04 13:10:23 -0600
Processing by StaticPagesController#home as HTML
  Rendered static_pages/home.html.erb within layouts/application (0.1ms)
Completed 200 OK in 4ms (Views: 3.6ms | ActiveRecord: 0.0ms)


Started GET "/assets/application.css?body=1" for 127.0.0.1 at 2012-12-04 13:10:23 -0600
Served asset /application.css - 304 Not Modified (0ms)


Started GET "/assets/jquery.js?body=1" for 127.0.0.1 at 2012-12-04 13:10:23 -0600
Served asset /jquery.js - 304 Not Modified (0ms)


Started GET "/assets/static_pages.css?body=1" for 127.0.0.1 at 2012-12-04 13:10:23 -0600
Served asset /static_pages.css - 304 Not Modified (0ms)


Started GET "/assets/static_pages.js?body=1" for 127.0.0.1 at 2012-12-04 13:10:23 -0600
Served asset /static_pages.js - 304 Not Modified (0ms)


Started GET "/assets/application.js?body=1" for 127.0.0.1 at 2012-12-04 13:10:23 -0600
Served asset /application.js - 304 Not Modified (0ms)


Started GET "/assets/jquery_ujs.js?body=1" for 127.0.0.1 at 2012-12-04 13:10:23 -0600
Served asset /jquery_ujs.js - 304 Not Modified (0ms)


Started GET "/about" for 127.0.0.1 at 2012-12-05 08:49:43 -0600
Connecting to database specified by database.yml
Processing by StaticPagesController#about as HTML
  Rendered static_pages/about.html.erb within layouts/application (1.4ms)
Completed 200 OK in 128ms (Views: 128.1ms | ActiveRecord: 0.0ms)


Started GET "/assets/application.css?body=1" for 127.0.0.1 at 2012-12-05 08:49:44 -0600
Served asset /application.css - 304 Not Modified (2ms)


Started GET "/assets/static_pages.css?body=1" for 127.0.0.1 at 2012-12-05 08:49:44 -0600
Served asset /static_pages.css - 304 Not Modified (2ms)


Started GET "/assets/jquery.js?body=1" for 127.0.0.1 at 2012-12-05 08:49:44 -0600
Served asset /jquery.js - 200 OK (3ms)


Started GET "/assets/jquery_ujs.js?body=1" for 127.0.0.1 at 2012-12-05 08:49:44 -0600
Served asset /jquery_ujs.js - 200 OK (1ms)


Started GET "/assets/application.js?body=1" for 127.0.0.1 at 2012-12-05 08:49:44 -0600
Served asset /application.js - 304 Not Modified (3ms)


Started GET "/assets/static_pages.js?body=1" for 127.0.0.1 at 2012-12-05 08:49:44 -0600
Served asset /static_pages.js - 304 Not Modified (0ms)


Started GET "/" for 127.0.0.1 at 2012-12-05 08:50:34 -0600
Processing by StaticPagesController#home as HTML
  Rendered static_pages/home.html.erb within layouts/application (0.4ms)
Completed 200 OK in 19ms (Views: 19.1ms | ActiveRecord: 0.0ms)


Started GET "/assets/application.css?body=1" for 127.0.0.1 at 2012-12-05 08:50:34 -0600
Served asset /application.css - 304 Not Modified (0ms)


Started GET "/assets/jquery.js?body=1" for 127.0.0.1 at 2012-12-05 08:50:34 -0600
Served asset /jquery.js - 304 Not Modified (0ms)


Started GET "/assets/static_pages.js?body=1" for 127.0.0.1 at 2012-12-05 08:50:34 -0600
Served asset /static_pages.js - 304 Not Modified (0ms)


Started GET "/assets/application.js?body=1" for 127.0.0.1 at 2012-12-05 08:50:34 -0600
Served asset /application.js - 304 Not Modified (0ms)


Started GET "/assets/static_pages.css?body=1" for 127.0.0.1 at 2012-12-05 08:50:34 -0600
Served asset /static_pages.css - 304 Not Modified (0ms)


Started GET "/assets/jquery_ujs.js?body=1" for 127.0.0.1 at 2012-12-05 08:50:34 -0600
Served asset /jquery_ujs.js - 304 Not Modified (0ms)


Started GET "/about_path" for 127.0.0.1 at 2012-12-05 08:50:36 -0600

ActionController::RoutingError (No route matches [GET] "/about_path"):
  actionpack (3.2.9) lib/action_dispatch/middleware/debug_exceptions.rb:21:in `call'
  actionpack (3.2.9) lib/action_dispatch/middleware/show_exceptions.rb:56:in `call'
  railties (3.2.9) lib/rails/rack/logger.rb:32:in `call_app'
  railties (3.2.9) lib/rails/rack/logger.rb:16:in `block in call'
  activesupport (3.2.9) lib/active_support/tagged_logging.rb:22:in `tagged'
  railties (3.2.9) lib/rails/rack/logger.rb:16:in `call'
  actionpack (3.2.9) lib/action_dispatch/middleware/request_id.rb:22:in `call'
  rack (1.4.1) lib/rack/methodoverride.rb:21:in `call'
  rack (1.4.1) lib/rack/runtime.rb:17:in `call'
  activesupport (3.2.9) lib/active_support/cache/strategy/local_cache.rb:72:in `call'
  rack (1.4.1) lib/rack/lock.rb:15:in `call'
  actionpack (3.2.9) lib/action_dispatch/middleware/static.rb:62:in `call'
  railties (3.2.9) lib/rails/engine.rb:479:in `call'
  railties (3.2.9) lib/rails/application.rb:223:in `call'
  rack (1.4.1) lib/rack/content_length.rb:14:in `call'
  railties (3.2.9) lib/rails/rack/log_tailer.rb:17:in `call'
  rack (1.4.1) lib/rack/handler/webrick.rb:59:in `service'
  /Users/swgerlach/.rvm/rubies/ruby-1.9.3-p194/lib/ruby/1.9.1/webrick/httpserver.rb:138:in `service'
  /Users/swgerlach/.rvm/rubies/ruby-1.9.3-p194/lib/ruby/1.9.1/webrick/httpserver.rb:94:in `run'
  /Users/swgerlach/.rvm/rubies/ruby-1.9.3-p194/lib/ruby/1.9.1/webrick/server.rb:191:in `block in start_thread'


  Rendered /Users/swgerlach/.rvm/gems/ruby-1.9.3-p194/gems/actionpack-3.2.9/lib/action_dispatch/middleware/templates/rescues/routing_error.erb within rescues/layout (0.4ms)


Started GET "/about_path" for 127.0.0.1 at 2012-12-05 08:51:26 -0600

ActionController::RoutingError (No route matches [GET] "/about_path"):
  actionpack (3.2.9) lib/action_dispatch/middleware/debug_exceptions.rb:21:in `call'
  actionpack (3.2.9) lib/action_dispatch/middleware/show_exceptions.rb:56:in `call'
  railties (3.2.9) lib/rails/rack/logger.rb:32:in `call_app'
  railties (3.2.9) lib/rails/rack/logger.rb:16:in `block in call'
  activesupport (3.2.9) lib/active_support/tagged_logging.rb:22:in `tagged'
  railties (3.2.9) lib/rails/rack/logger.rb:16:in `call'
  actionpack (3.2.9) lib/action_dispatch/middleware/request_id.rb:22:in `call'
  rack (1.4.1) lib/rack/methodoverride.rb:21:in `call'
  rack (1.4.1) lib/rack/runtime.rb:17:in `call'
  activesupport (3.2.9) lib/active_support/cache/strategy/local_cache.rb:72:in `call'
  rack (1.4.1) lib/rack/lock.rb:15:in `call'
  actionpack (3.2.9) lib/action_dispatch/middleware/static.rb:62:in `call'
  railties (3.2.9) lib/rails/engine.rb:479:in `call'
  railties (3.2.9) lib/rails/application.rb:223:in `call'
  rack (1.4.1) lib/rack/content_length.rb:14:in `call'
  railties (3.2.9) lib/rails/rack/log_tailer.rb:17:in `call'
  rack (1.4.1) lib/rack/handler/webrick.rb:59:in `service'
  /Users/swgerlach/.rvm/rubies/ruby-1.9.3-p194/lib/ruby/1.9.1/webrick/httpserver.rb:138:in `service'
  /Users/swgerlach/.rvm/rubies/ruby-1.9.3-p194/lib/ruby/1.9.1/webrick/httpserver.rb:94:in `run'
  /Users/swgerlach/.rvm/rubies/ruby-1.9.3-p194/lib/ruby/1.9.1/webrick/server.rb:191:in `block in start_thread'


  Rendered /Users/swgerlach/.rvm/gems/ruby-1.9.3-p194/gems/actionpack-3.2.9/lib/action_dispatch/middleware/templates/rescues/routing_error.erb within rescues/layout (12.0ms)


Started GET "/about_path" for 127.0.0.1 at 2012-12-05 08:52:50 -0600

ActionController::RoutingError (No route matches [GET] "/about_path"):
  actionpack (3.2.9) lib/action_dispatch/middleware/debug_exceptions.rb:21:in `call'
  actionpack (3.2.9) lib/action_dispatch/middleware/show_exceptions.rb:56:in `call'
  railties (3.2.9) lib/rails/rack/logger.rb:32:in `call_app'
  railties (3.2.9) lib/rails/rack/logger.rb:16:in `block in call'
  activesupport (3.2.9) lib/active_support/tagged_logging.rb:22:in `tagged'
  railties (3.2.9) lib/rails/rack/logger.rb:16:in `call'
  actionpack (3.2.9) lib/action_dispatch/middleware/request_id.rb:22:in `call'
  rack (1.4.1) lib/rack/methodoverride.rb:21:in `call'
  rack (1.4.1) lib/rack/runtime.rb:17:in `call'
  activesupport (3.2.9) lib/active_support/cache/strategy/local_cache.rb:72:in `call'
  rack (1.4.1) lib/rack/lock.rb:15:in `call'
  actionpack (3.2.9) lib/action_dispatch/middleware/static.rb:62:in `call'
  railties (3.2.9) lib/rails/engine.rb:479:in `call'
  railties (3.2.9) lib/rails/application.rb:223:in `call'
  rack (1.4.1) lib/rack/content_length.rb:14:in `call'
  railties (3.2.9) lib/rails/rack/log_tailer.rb:17:in `call'
  rack (1.4.1) lib/rack/handler/webrick.rb:59:in `service'
  /Users/swgerlach/.rvm/rubies/ruby-1.9.3-p194/lib/ruby/1.9.1/webrick/httpserver.rb:138:in `service'
  /Users/swgerlach/.rvm/rubies/ruby-1.9.3-p194/lib/ruby/1.9.1/webrick/httpserver.rb:94:in `run'
  /Users/swgerlach/.rvm/rubies/ruby-1.9.3-p194/lib/ruby/1.9.1/webrick/server.rb:191:in `block in start_thread'


  Rendered /Users/swgerlach/.rvm/gems/ruby-1.9.3-p194/gems/actionpack-3.2.9/lib/action_dispatch/middleware/templates/rescues/routing_error.erb within rescues/layout (0.4ms)


Started GET "/" for 127.0.0.1 at 2012-12-05 08:52:56 -0600
Processing by StaticPagesController#home as HTML
  Rendered static_pages/home.html.erb within layouts/application (0.1ms)
Completed 200 OK in 21ms (Views: 4.0ms | ActiveRecord: 0.0ms)


Started GET "/assets/application.css?body=1" for 127.0.0.1 at 2012-12-05 08:52:56 -0600
Served asset /application.css - 304 Not Modified (0ms)


Started GET "/assets/static_pages.css?body=1" for 127.0.0.1 at 2012-12-05 08:52:56 -0600
Served asset /static_pages.css - 304 Not Modified (0ms)


Started GET "/assets/jquery_ujs.js?body=1" for 127.0.0.1 at 2012-12-05 08:52:56 -0600
Served asset /jquery_ujs.js - 304 Not Modified (0ms)


Started GET "/assets/application.js?body=1" for 127.0.0.1 at 2012-12-05 08:52:56 -0600
Served asset /application.js - 304 Not Modified (0ms)


Started GET "/assets/jquery.js?body=1" for 127.0.0.1 at 2012-12-05 08:52:56 -0600
Served asset /jquery.js - 304 Not Modified (0ms)


Started GET "/assets/static_pages.js?body=1" for 127.0.0.1 at 2012-12-05 08:52:56 -0600
Served asset /static_pages.js - 304 Not Modified (0ms)


Started GET "/about" for 127.0.0.1 at 2012-12-05 08:52:57 -0600
Processing by StaticPagesController#about as HTML
  Rendered static_pages/about.html.erb within layouts/application (0.0ms)
Completed 200 OK in 3ms (Views: 3.1ms | ActiveRecord: 0.0ms)


Started GET "/assets/application.css?body=1" for 127.0.0.1 at 2012-12-05 08:52:57 -0600
Served asset /application.css - 304 Not Modified (0ms)


Started GET "/assets/jquery.js?body=1" for 127.0.0.1 at 2012-12-05 08:52:57 -0600
Served asset /jquery.js - 304 Not Modified (0ms)


Started GET "/assets/static_pages.css?body=1" for 127.0.0.1 at 2012-12-05 08:52:57 -0600
Served asset /static_pages.css - 304 Not Modified (0ms)


Started GET "/assets/static_pages.js?body=1" for 127.0.0.1 at 2012-12-05 08:52:57 -0600
Served asset /static_pages.js - 304 Not Modified (0ms)


Started GET "/assets/application.js?body=1" for 127.0.0.1 at 2012-12-05 08:52:57 -0600
Served asset /application.js - 304 Not Modified (0ms)


Started GET "/assets/jquery_ujs.js?body=1" for 127.0.0.1 at 2012-12-05 08:52:57 -0600
Served asset /jquery_ujs.js - 304 Not Modified (0ms)


Started GET "/about" for 127.0.0.1 at 2012-12-05 08:54:19 -0600
Processing by StaticPagesController#about as HTML
  Rendered static_pages/about.html.erb within layouts/application (0.0ms)
Completed 200 OK in 4ms (Views: 3.8ms | ActiveRecord: 0.0ms)


Started GET "/assets/application.css?body=1" for 127.0.0.1 at 2012-12-05 08:54:19 -0600
Served asset /application.css - 304 Not Modified (0ms)


Started GET "/assets/jquery.js?body=1" for 127.0.0.1 at 2012-12-05 08:54:19 -0600
Served asset /jquery.js - 304 Not Modified (0ms)


Started GET "/assets/jquery_ujs.js?body=1" for 127.0.0.1 at 2012-12-05 08:54:19 -0600
Served asset /jquery_ujs.js - 304 Not Modified (0ms)


Started GET "/assets/application.js?body=1" for 127.0.0.1 at 2012-12-05 08:54:19 -0600
Served asset /application.js - 304 Not Modified (0ms)


Started GET "/assets/static_pages.css?body=1" for 127.0.0.1 at 2012-12-05 08:54:19 -0600
Served asset /static_pages.css - 304 Not Modified (0ms)


Started GET "/assets/static_pages.js?body=1" for 127.0.0.1 at 2012-12-05 08:54:19 -0600
Served asset /static_pages.js - 304 Not Modified (0ms)


Started GET "/" for 127.0.0.1 at 2012-12-05 08:54:20 -0600
Processing by StaticPagesController#home as HTML
  Rendered static_pages/home.html.erb within layouts/application (0.1ms)
Completed 200 OK in 3ms (Views: 3.2ms | ActiveRecord: 0.0ms)


Started GET "/assets/application.css?body=1" for 127.0.0.1 at 2012-12-05 08:54:20 -0600
Served asset /application.css - 304 Not Modified (0ms)


Started GET "/assets/static_pages.css?body=1" for 127.0.0.1 at 2012-12-05 08:54:20 -0600
Served asset /static_pages.css - 304 Not Modified (0ms)


Started GET "/assets/static_pages.js?body=1" for 127.0.0.1 at 2012-12-05 08:54:20 -0600
Served asset /static_pages.js - 304 Not Modified (0ms)


Started GET "/assets/jquery_ujs.js?body=1" for 127.0.0.1 at 2012-12-05 08:54:20 -0600
Served asset /jquery_ujs.js - 304 Not Modified (0ms)


Started GET "/assets/jquery.js?body=1" for 127.0.0.1 at 2012-12-05 08:54:20 -0600
Served asset /jquery.js - 304 Not Modified (0ms)


Started GET "/assets/application.js?body=1" for 127.0.0.1 at 2012-12-05 08:54:20 -0600
Served asset /application.js - 304 Not Modified (0ms)


Started GET "/about" for 127.0.0.1 at 2012-12-05 08:54:21 -0600
Processing by StaticPagesController#about as HTML
  Rendered static_pages/about.html.erb within layouts/application (0.0ms)
Completed 200 OK in 4ms (Views: 3.6ms | ActiveRecord: 0.0ms)


Started GET "/assets/application.css?body=1" for 127.0.0.1 at 2012-12-05 08:54:21 -0600
Served asset /application.css - 304 Not Modified (0ms)


Started GET "/assets/static_pages.css?body=1" for 127.0.0.1 at 2012-12-05 08:54:21 -0600
Served asset /static_pages.css - 304 Not Modified (0ms)


Started GET "/assets/jquery.js?body=1" for 127.0.0.1 at 2012-12-05 08:54:21 -0600
Served asset /jquery.js - 304 Not Modified (0ms)


Started GET "/assets/jquery_ujs.js?body=1" for 127.0.0.1 at 2012-12-05 08:54:21 -0600
Served asset /jquery_ujs.js - 304 Not Modified (0ms)


Started GET "/assets/static_pages.js?body=1" for 127.0.0.1 at 2012-12-05 08:54:21 -0600
Served asset /static_pages.js - 304 Not Modified (0ms)


Started GET "/assets/application.js?body=1" for 127.0.0.1 at 2012-12-05 08:54:21 -0600
Served asset /application.js - 304 Not Modified (0ms)


Started GET "/" for 127.0.0.1 at 2012-12-05 08:54:23 -0600
Processing by StaticPagesController#home as HTML
  Rendered static_pages/home.html.erb within layouts/application (0.1ms)
Completed 200 OK in 4ms (Views: 3.5ms | ActiveRecord: 0.0ms)


Started GET "/assets/application.css?body=1" for 127.0.0.1 at 2012-12-05 08:54:23 -0600
Served asset /application.css - 304 Not Modified (0ms)


Started GET "/assets/static_pages.css?body=1" for 127.0.0.1 at 2012-12-05 08:54:23 -0600
Served asset /static_pages.css - 304 Not Modified (0ms)


Started GET "/assets/jquery_ujs.js?body=1" for 127.0.0.1 at 2012-12-05 08:54:23 -0600
Served asset /jquery_ujs.js - 304 Not Modified (0ms)


Started GET "/assets/jquery.js?body=1" for 127.0.0.1 at 2012-12-05 08:54:23 -0600
Served asset /jquery.js - 304 Not Modified (0ms)


Started GET "/assets/static_pages.js?body=1" for 127.0.0.1 at 2012-12-05 08:54:23 -0600
Served asset /static_pages.js - 304 Not Modified (0ms)


Started GET "/assets/application.js?body=1" for 127.0.0.1 at 2012-12-05 08:54:23 -0600
Served asset /application.js - 304 Not Modified (0ms)


Started GET "/" for 127.0.0.1 at 2012-12-05 09:01:36 -0600
Connecting to database specified by database.yml
Processing by StaticPagesController#home as HTML
  Rendered static_pages/home.html.erb within layouts/application (1.4ms)
Completed 200 OK in 34ms (Views: 33.9ms | ActiveRecord: 0.0ms)


Started GET "/assets/application.css?body=1" for 127.0.0.1 at 2012-12-05 09:01:36 -0600
Served asset /application.css - 304 Not Modified (1ms)


Started GET "/assets/jquery.js?body=1" for 127.0.0.1 at 2012-12-05 09:01:36 -0600
Served asset /jquery.js - 304 Not Modified (14ms)


Started GET "/assets/jquery_ujs.js?body=1" for 127.0.0.1 at 2012-12-05 09:01:36 -0600
Served asset /jquery_ujs.js - 304 Not Modified (1ms)


Started GET "/assets/static_pages.css?body=1" for 127.0.0.1 at 2012-12-05 09:01:36 -0600
Served asset /static_pages.css - 304 Not Modified (1ms)


Started GET "/assets/application.js?body=1" for 127.0.0.1 at 2012-12-05 09:01:36 -0600
Served asset /application.js - 304 Not Modified (3ms)


Started GET "/assets/static_pages.js?body=1" for 127.0.0.1 at 2012-12-05 09:01:36 -0600
Served asset /static_pages.js - 304 Not Modified (1ms)


Started GET "/" for 127.0.0.1 at 2012-12-05 09:01:38 -0600
Processing by StaticPagesController#home as HTML
  Rendered static_pages/home.html.erb within layouts/application (0.1ms)
Completed 200 OK in 3ms (Views: 3.3ms | ActiveRecord: 0.0ms)


Started GET "/assets/application.css?body=1" for 127.0.0.1 at 2012-12-05 09:01:38 -0600
Served asset /application.css - 304 Not Modified (0ms)


Started GET "/assets/jquery_ujs.js?body=1" for 127.0.0.1 at 2012-12-05 09:01:38 -0600
Served asset /jquery_ujs.js - 304 Not Modified (0ms)


Started GET "/assets/application.js?body=1" for 127.0.0.1 at 2012-12-05 09:01:38 -0600
Served asset /application.js - 304 Not Modified (0ms)


Started GET "/assets/static_pages.js?body=1" for 127.0.0.1 at 2012-12-05 09:01:38 -0600
Served asset /static_pages.js - 304 Not Modified (0ms)


Started GET "/assets/jquery.js?body=1" for 127.0.0.1 at 2012-12-05 09:01:38 -0600
Served asset /jquery.js - 304 Not Modified (0ms)


Started GET "/assets/static_pages.css?body=1" for 127.0.0.1 at 2012-12-05 09:01:38 -0600
Served asset /static_pages.css - 304 Not Modified (0ms)


Started GET "/" for 127.0.0.1 at 2012-12-05 09:04:13 -0600
Connecting to database specified by database.yml
Processing by StaticPagesController#home as HTML
  Rendered static_pages/home.html.erb within layouts/application (1.4ms)
Completed 500 Internal Server Error in 61ms

ActionView::Template::Error (Invalid CSS after "#import bootstap": expected "{", was ""
  (in /Users/swgerlach/Sites/ruby/omrails/app/assets/stylesheets/custom.css.scss)):
    2: <html>
    3:     <head>
    4:       <title>Omrails</title>
    5:      <%= stylesheet_link_tag    "application", :media => "all" %>
    6:      <%= javascript_include_tag "application" %>
    7:      <%= csrf_meta_tags %>
    8:     </head>
  app/assets/stylesheets/custom.css.scss:2
  app/views/layouts/application.html.erb:5:in `_app_views_layouts_application_html_erb__701983615320248256_70151825249100'


  Rendered /Users/swgerlach/.rvm/gems/ruby-1.9.3-p194/gems/actionpack-3.2.9/lib/action_dispatch/middleware/templates/rescues/_trace.erb (1.0ms)
  Rendered /Users/swgerlach/.rvm/gems/ruby-1.9.3-p194/gems/actionpack-3.2.9/lib/action_dispatch/middleware/templates/rescues/_request_and_response.erb (0.7ms)
  Rendered /Users/swgerlach/.rvm/gems/ruby-1.9.3-p194/gems/actionpack-3.2.9/lib/action_dispatch/middleware/templates/rescues/template_error.erb within rescues/layout (6.9ms)


Started GET "/" for 127.0.0.1 at 2012-12-05 09:04:42 -0600
Processing by StaticPagesController#home as HTML
  Rendered static_pages/home.html.erb within layouts/application (0.1ms)
Completed 500 Internal Server Error in 6ms

ActionView::Template::Error (Invalid CSS after "#import "bootstap"": expected "{", was ";"
  (in /Users/swgerlach/Sites/ruby/omrails/app/assets/stylesheets/custom.css.scss)):
    2: <html>
    3:     <head>
    4:       <title>Omrails</title>
    5:      <%= stylesheet_link_tag    "application", :media => "all" %>
    6:      <%= javascript_include_tag "application" %>
    7:      <%= csrf_meta_tags %>
    8:     </head>
  app/assets/stylesheets/custom.css.scss:1
  app/views/layouts/application.html.erb:5:in `_app_views_layouts_application_html_erb__701983615320248256_70151825249100'


  Rendered /Users/swgerlach/.rvm/gems/ruby-1.9.3-p194/gems/actionpack-3.2.9/lib/action_dispatch/middleware/templates/rescues/_trace.erb (1.0ms)
  Rendered /Users/swgerlach/.rvm/gems/ruby-1.9.3-p194/gems/actionpack-3.2.9/lib/action_dispatch/middleware/templates/rescues/_request_and_response.erb (0.6ms)
  Rendered /Users/swgerlach/.rvm/gems/ruby-1.9.3-p194/gems/actionpack-3.2.9/lib/action_dispatch/middleware/templates/rescues/template_error.erb within rescues/layout (6.0ms)


Started GET "/" for 127.0.0.1 at 2012-12-05 09:04:44 -0600
Processing by StaticPagesController#home as HTML
  Rendered static_pages/home.html.erb within layouts/application (0.1ms)
Completed 500 Internal Server Error in 6ms

ActionView::Template::Error (Invalid CSS after "#import "bootstap"": expected "{", was ";"
  (in /Users/swgerlach/Sites/ruby/omrails/app/assets/stylesheets/custom.css.scss)):
    2: <html>
    3:     <head>
    4:       <title>Omrails</title>
    5:      <%= stylesheet_link_tag    "application", :media => "all" %>
    6:      <%= javascript_include_tag "application" %>
    7:      <%= csrf_meta_tags %>
    8:     </head>
  app/assets/stylesheets/custom.css.scss:1
  app/views/layouts/application.html.erb:5:in `_app_views_layouts_application_html_erb__701983615320248256_70151825249100'


  Rendered /Users/swgerlach/.rvm/gems/ruby-1.9.3-p194/gems/actionpack-3.2.9/lib/action_dispatch/middleware/templates/rescues/_trace.erb (1.1ms)
  Rendered /Users/swgerlach/.rvm/gems/ruby-1.9.3-p194/gems/actionpack-3.2.9/lib/action_dispatch/middleware/templates/rescues/_request_and_response.erb (0.7ms)
  Rendered /Users/swgerlach/.rvm/gems/ruby-1.9.3-p194/gems/actionpack-3.2.9/lib/action_dispatch/middleware/templates/rescues/template_error.erb within rescues/layout (6.2ms)


Started GET "/" for 127.0.0.1 at 2012-12-05 09:05:09 -0600
Processing by StaticPagesController#home as HTML
  Rendered static_pages/home.html.erb within layouts/application (0.1ms)
Completed 500 Internal Server Error in 16ms

ActionView::Template::Error (File to import not found or unreadable: bootstap.
Load path: Sass::Rails::Importer(/Users/swgerlach/Sites/ruby/omrails/app/assets/stylesheets/custom.css.scss)
  (in /Users/swgerlach/Sites/ruby/omrails/app/assets/stylesheets/custom.css.scss)):
    2: <html>
    3:     <head>
    4:       <title>Omrails</title>
    5:      <%= stylesheet_link_tag    "application", :media => "all" %>
    6:      <%= javascript_include_tag "application" %>
    7:      <%= csrf_meta_tags %>
    8:     </head>
  app/assets/stylesheets/custom.css.scss:1
  app/views/layouts/application.html.erb:5:in `_app_views_layouts_application_html_erb__701983615320248256_70151825249100'


  Rendered /Users/swgerlach/.rvm/gems/ruby-1.9.3-p194/gems/actionpack-3.2.9/lib/action_dispatch/middleware/templates/rescues/_trace.erb (1.0ms)
  Rendered /Users/swgerlach/.rvm/gems/ruby-1.9.3-p194/gems/actionpack-3.2.9/lib/action_dispatch/middleware/templates/rescues/_request_and_response.erb (0.6ms)
  Rendered /Users/swgerlach/.rvm/gems/ruby-1.9.3-p194/gems/actionpack-3.2.9/lib/action_dispatch/middleware/templates/rescues/template_error.erb within rescues/layout (5.9ms)


Started GET "/" for 127.0.0.1 at 2012-12-05 09:05:43 -0600
Processing by StaticPagesController#home as HTML
  Rendered static_pages/home.html.erb within layouts/application (0.1ms)
Compiled custom.css  (1554ms)  (pid 49300)
Compiled application.css  (1563ms)  (pid 49300)
Completed 200 OK in 1618ms (Views: 1617.6ms | ActiveRecord: 0.0ms)


Started GET "/assets/application.css?body=1" for 127.0.0.1 at 2012-12-05 09:05:44 -0600
Served asset /application.css - 304 Not Modified (28ms)


Started GET "/assets/custom.css?body=1" for 127.0.0.1 at 2012-12-05 09:05:44 -0600
Served asset /custom.css - 200 OK (8ms)


Started GET "/assets/static_pages.css?body=1" for 127.0.0.1 at 2012-12-05 09:05:44 -0600
Served asset /static_pages.css - 304 Not Modified (2ms)


Started GET "/assets/jquery.js?body=1" for 127.0.0.1 at 2012-12-05 09:05:44 -0600
Served asset /jquery.js - 304 Not Modified (2ms)


Started GET "/assets/jquery_ujs.js?body=1" for 127.0.0.1 at 2012-12-05 09:05:44 -0600
Served asset /jquery_ujs.js - 304 Not Modified (1ms)


Started GET "/assets/static_pages.js?body=1" for 127.0.0.1 at 2012-12-05 09:05:44 -0600
Served asset /static_pages.js - 304 Not Modified (0ms)


Started GET "/assets/application.js?body=1" for 127.0.0.1 at 2012-12-05 09:05:44 -0600
Served asset /application.js - 304 Not Modified (3ms)


Started GET "/" for 127.0.0.1 at 2012-12-05 09:06:55 -0600
Processing by StaticPagesController#home as HTML
  Rendered static_pages/home.html.erb within layouts/application (0.1ms)
Compiled custom.css  (797ms)  (pid 49300)
Compiled application.css  (0ms)  (pid 49300)
Completed 200 OK in 850ms (Views: 850.3ms | ActiveRecord: 0.0ms)


Started GET "/assets/application.css?body=1" for 127.0.0.1 at 2012-12-05 09:06:56 -0600
Served asset /application.css - 304 Not Modified (39ms)


Started GET "/assets/jquery.js?body=1" for 127.0.0.1 at 2012-12-05 09:06:56 -0600
Served asset /jquery.js - 304 Not Modified (0ms)


Started GET "/assets/custom.css?body=1" for 127.0.0.1 at 2012-12-05 09:06:56 -0600
Served asset /custom.css - 200 OK (5ms)


Started GET "/assets/static_pages.css?body=1" for 127.0.0.1 at 2012-12-05 09:06:56 -0600
Served asset /static_pages.css - 304 Not Modified (0ms)


Started GET "/assets/jquery_ujs.js?body=1" for 127.0.0.1 at 2012-12-05 09:06:56 -0600
Served asset /jquery_ujs.js - 304 Not Modified (0ms)


Started GET "/assets/static_pages.js?body=1" for 127.0.0.1 at 2012-12-05 09:06:56 -0600
Served asset /static_pages.js - 304 Not Modified (0ms)


Started GET "/assets/application.js?body=1" for 127.0.0.1 at 2012-12-05 09:06:56 -0600
Served asset /application.js - 304 Not Modified (0ms)


Started GET "/about" for 127.0.0.1 at 2012-12-05 09:07:29 -0600
Processing by StaticPagesController#about as HTML
  Rendered static_pages/about.html.erb within layouts/application (0.2ms)
Completed 200 OK in 6ms (Views: 5.9ms | ActiveRecord: 0.0ms)


Started GET "/assets/application.css?body=1" for 127.0.0.1 at 2012-12-05 09:07:29 -0600
Served asset /application.css - 304 Not Modified (1ms)


Started GET "/assets/custom.css?body=1" for 127.0.0.1 at 2012-12-05 09:07:29 -0600
Served asset /custom.css - 304 Not Modified (1ms)


Started GET "/assets/static_pages.css?body=1" for 127.0.0.1 at 2012-12-05 09:07:29 -0600
Served asset /static_pages.css - 304 Not Modified (0ms)


Started GET "/assets/jquery.js?body=1" for 127.0.0.1 at 2012-12-05 09:07:29 -0600
Served asset /jquery.js - 304 Not Modified (0ms)


Started GET "/assets/jquery_ujs.js?body=1" for 127.0.0.1 at 2012-12-05 09:07:29 -0600
Served asset /jquery_ujs.js - 304 Not Modified (0ms)


Started GET "/assets/static_pages.js?body=1" for 127.0.0.1 at 2012-12-05 09:07:29 -0600
Served asset /static_pages.js - 304 Not Modified (0ms)


Started GET "/assets/application.js?body=1" for 127.0.0.1 at 2012-12-05 09:07:29 -0600
Served asset /application.js - 304 Not Modified (0ms)


Started GET "/" for 127.0.0.1 at 2012-12-05 09:07:31 -0600
Processing by StaticPagesController#home as HTML
  Rendered static_pages/home.html.erb within layouts/application (0.1ms)
Completed 200 OK in 6ms (Views: 5.5ms | ActiveRecord: 0.0ms)


Started GET "/assets/application.css?body=1" for 127.0.0.1 at 2012-12-05 09:07:31 -0600
Served asset /application.css - 304 Not Modified (1ms)


Started GET "/assets/custom.css?body=1" for 127.0.0.1 at 2012-12-05 09:07:31 -0600
Served asset /custom.css - 304 Not Modified (2ms)


Started GET "/assets/static_pages.css?body=1" for 127.0.0.1 at 2012-12-05 09:07:31 -0600
Served asset /static_pages.css - 304 Not Modified (0ms)


Started GET "/assets/jquery.js?body=1" for 127.0.0.1 at 2012-12-05 09:07:31 -0600
Served asset /jquery.js - 304 Not Modified (0ms)


Started GET "/assets/jquery_ujs.js?body=1" for 127.0.0.1 at 2012-12-05 09:07:31 -0600
Served asset /jquery_ujs.js - 304 Not Modified (0ms)


Started GET "/assets/static_pages.js?body=1" for 127.0.0.1 at 2012-12-05 09:07:31 -0600
Served asset /static_pages.js - 304 Not Modified (0ms)


Started GET "/assets/application.js?body=1" for 127.0.0.1 at 2012-12-05 09:07:31 -0600
Served asset /application.js - 304 Not Modified (0ms)


Started GET "/about" for 127.0.0.1 at 2012-12-05 09:07:32 -0600
Processing by StaticPagesController#about as HTML
  Rendered static_pages/about.html.erb within layouts/application (0.0ms)
Completed 200 OK in 5ms (Views: 5.4ms | ActiveRecord: 0.0ms)


Started GET "/assets/application.css?body=1" for 127.0.0.1 at 2012-12-05 09:07:32 -0600
Served asset /application.css - 304 Not Modified (1ms)


Started GET "/assets/custom.css?body=1" for 127.0.0.1 at 2012-12-05 09:07:32 -0600
Served asset /custom.css - 304 Not Modified (1ms)


Started GET "/assets/jquery.js?body=1" for 127.0.0.1 at 2012-12-05 09:07:32 -0600
Served asset /jquery.js - 304 Not Modified (0ms)


Started GET "/assets/static_pages.css?body=1" for 127.0.0.1 at 2012-12-05 09:07:32 -0600
Served asset /static_pages.css - 304 Not Modified (0ms)


Started GET "/assets/jquery_ujs.js?body=1" for 127.0.0.1 at 2012-12-05 09:07:32 -0600
Served asset /jquery_ujs.js - 304 Not Modified (0ms)


Started GET "/assets/static_pages.js?body=1" for 127.0.0.1 at 2012-12-05 09:07:32 -0600
Served asset /static_pages.js - 304 Not Modified (0ms)


Started GET "/assets/application.js?body=1" for 127.0.0.1 at 2012-12-05 09:07:32 -0600
Served asset /application.js - 304 Not Modified (0ms)


Started GET "/" for 127.0.0.1 at 2012-12-05 09:07:34 -0600
Processing by StaticPagesController#home as HTML
  Rendered static_pages/home.html.erb within layouts/application (0.1ms)
Completed 200 OK in 6ms (Views: 5.5ms | ActiveRecord: 0.0ms)


Started GET "/assets/application.css?body=1" for 127.0.0.1 at 2012-12-05 09:07:34 -0600
Served asset /application.css - 304 Not Modified (1ms)


Started GET "/assets/static_pages.css?body=1" for 127.0.0.1 at 2012-12-05 09:07:34 -0600
Served asset /static_pages.css - 304 Not Modified (0ms)


Started GET "/assets/custom.css?body=1" for 127.0.0.1 at 2012-12-05 09:07:34 -0600
Served asset /custom.css - 304 Not Modified (1ms)


Started GET "/assets/jquery.js?body=1" for 127.0.0.1 at 2012-12-05 09:07:34 -0600
Served asset /jquery.js - 304 Not Modified (0ms)


Started GET "/assets/static_pages.js?body=1" for 127.0.0.1 at 2012-12-05 09:07:34 -0600
Served asset /static_pages.js - 304 Not Modified (0ms)


Started GET "/assets/jquery_ujs.js?body=1" for 127.0.0.1 at 2012-12-05 09:07:34 -0600
Served asset /jquery_ujs.js - 304 Not Modified (0ms)


Started GET "/assets/application.js?body=1" for 127.0.0.1 at 2012-12-05 09:07:34 -0600
Served asset /application.js - 304 Not Modified (0ms)


Started GET "/" for 127.0.0.1 at 2012-12-05 09:19:48 -0600
Processing by StaticPagesController#home as HTML
  Rendered static_pages/home.html.erb within layouts/application (0.1ms)
Completed 200 OK in 6ms (Views: 5.6ms | ActiveRecord: 0.0ms)
Connecting to database specified by database.yml
Connecting to database specified by database.yml
Connecting to database specified by database.yml
Connecting to database specified by database.yml
Connecting to database specified by database.yml
Connecting to database specified by database.yml
Connecting to database specified by database.yml
Connecting to database specified by database.yml
Connecting to database specified by database.yml
Connecting to database specified by database.yml
Connecting to database specified by database.yml
Connecting to database specified by database.yml
Connecting to database specified by database.yml
Connecting to database specified by database.yml
Connecting to database specified by database.yml
  [1m[36m (0.1ms)[0m  [1mselect sqlite_version(*)[0m
  [1m[35m (1.7ms)[0m  CREATE TABLE "schema_migrations" ("version" varchar(255) NOT NULL) 
  [1m[36m (1.8ms)[0m  [1mCREATE UNIQUE INDEX "unique_schema_migrations" ON "schema_migrations" ("version")[0m
  [1m[35m (0.1ms)[0m  SELECT "schema_migrations"."version" FROM "schema_migrations" 
Migrating to DeviseCreateInstalls (20121205152459)
  [1m[36m (0.0ms)[0m  [1mbegin transaction[0m
  [1m[35m (0.4ms)[0m  CREATE TABLE "installs" ("id" INTEGER PRIMARY KEY AUTOINCREMENT NOT NULL, "email" varchar(255) DEFAULT '' NOT NULL, "encrypted_password" varchar(255) DEFAULT '' NOT NULL, "reset_password_token" varchar(255), "reset_password_sent_at" datetime, "remember_created_at" datetime, "sign_in_count" integer DEFAULT 0, "current_sign_in_at" datetime, "last_sign_in_at" datetime, "current_sign_in_ip" varchar(255), "last_sign_in_ip" varchar(255), "created_at" datetime NOT NULL, "updated_at" datetime NOT NULL) 
  [1m[36m (0.3ms)[0m  [1mCREATE UNIQUE INDEX "index_installs_on_email" ON "installs" ("email")[0m
  [1m[35m (0.1ms)[0m  CREATE UNIQUE INDEX "index_installs_on_reset_password_token" ON "installs" ("reset_password_token")
  [1m[36m (0.1ms)[0m  [1mINSERT INTO "schema_migrations" ("version") VALUES ('20121205152459')[0m
  [1m[35m (1.7ms)[0m  commit transaction
Migrating to DeviseCreateUsers (20121205160803)
  [1m[36m (0.0ms)[0m  [1mbegin transaction[0m
  [1m[35m (0.3ms)[0m  CREATE TABLE "users" ("id" INTEGER PRIMARY KEY AUTOINCREMENT NOT NULL, "email" varchar(255) DEFAULT '' NOT NULL, "encrypted_password" varchar(255) DEFAULT '' NOT NULL, "reset_password_token" varchar(255), "reset_password_sent_at" datetime, "remember_created_at" datetime, "sign_in_count" integer DEFAULT 0, "current_sign_in_at" datetime, "last_sign_in_at" datetime, "current_sign_in_ip" varchar(255), "last_sign_in_ip" varchar(255), "created_at" datetime NOT NULL, "updated_at" datetime NOT NULL) 
  [1m[36m (0.3ms)[0m  [1mCREATE UNIQUE INDEX "index_users_on_email" ON "users" ("email")[0m
  [1m[35m (0.1ms)[0m  CREATE UNIQUE INDEX "index_users_on_reset_password_token" ON "users" ("reset_password_token")
  [1m[36m (0.1ms)[0m  [1mINSERT INTO "schema_migrations" ("version") VALUES ('20121205160803')[0m
  [1m[35m (1.8ms)[0m  commit transaction
  [1m[36m (0.1ms)[0m  [1mSELECT "schema_migrations"."version" FROM "schema_migrations" [0m


Started GET "/" for 127.0.0.1 at 2012-12-05 10:09:32 -0600

NoMethodError (undefined method `devise_for' for #<ActionDispatch::Routing::Mapper:0x007fc3bdaa73b8>):
  config/routes.rb:3:in `block in <top (required)>'
  config/routes.rb:1:in `<top (required)>'


  Rendered /Users/swgerlach/.rvm/gems/ruby-1.9.3-p194/gems/actionpack-3.2.9/lib/action_dispatch/middleware/templates/rescues/_trace.erb (0.8ms)
  Rendered /Users/swgerlach/.rvm/gems/ruby-1.9.3-p194/gems/actionpack-3.2.9/lib/action_dispatch/middleware/templates/rescues/_request_and_response.erb (1.5ms)
  Rendered /Users/swgerlach/.rvm/gems/ruby-1.9.3-p194/gems/actionpack-3.2.9/lib/action_dispatch/middleware/templates/rescues/diagnostics.erb within rescues/layout (7.7ms)
Connecting to database specified by database.yml
Connecting to database specified by database.yml


Started GET "/" for 127.0.0.1 at 2012-12-05 10:10:25 -0600
Processing by StaticPagesController#home as HTML
  Rendered static_pages/home.html.erb within layouts/application (1.5ms)
Completed 200 OK in 66ms (Views: 65.6ms | ActiveRecord: 0.0ms)


Started GET "/assets/application.css?body=1" for 127.0.0.1 at 2012-12-05 10:10:25 -0600
Served asset /application.css - 304 Not Modified (11ms)


Started GET "/assets/custom.css?body=1" for 127.0.0.1 at 2012-12-05 10:10:25 -0600
Served asset /custom.css - 304 Not Modified (5ms)


Started GET "/assets/static_pages.css?body=1" for 127.0.0.1 at 2012-12-05 10:10:25 -0600
Served asset /static_pages.css - 304 Not Modified (1ms)


Started GET "/assets/jquery_ujs.js?body=1" for 127.0.0.1 at 2012-12-05 10:10:25 -0600
Served asset /jquery_ujs.js - 304 Not Modified (1ms)


Started GET "/assets/jquery.js?body=1" for 127.0.0.1 at 2012-12-05 10:10:25 -0600
Served asset /jquery.js - 304 Not Modified (1ms)


Started GET "/assets/static_pages.js?body=1" for 127.0.0.1 at 2012-12-05 10:10:25 -0600
Served asset /static_pages.js - 304 Not Modified (0ms)


Started GET "/assets/application.js?body=1" for 127.0.0.1 at 2012-12-05 10:10:25 -0600
Served asset /application.js - 304 Not Modified (3ms)
Connecting to database specified by database.yml


Started GET "/" for 127.0.0.1 at 2012-12-05 10:35:48 -0600
Processing by StaticPagesController#home as HTML
  Rendered static_pages/home.html.erb within layouts/application (0.6ms)
Completed 200 OK in 7ms (Views: 6.6ms | ActiveRecord: 0.0ms)


Started GET "/assets/application.css?body=1" for 127.0.0.1 at 2012-12-05 10:35:48 -0600
Served asset /application.css - 304 Not Modified (1ms)


Started GET "/assets/jquery.js?body=1" for 127.0.0.1 at 2012-12-05 10:35:48 -0600
Served asset /jquery.js - 304 Not Modified (0ms)


Started GET "/assets/custom.css?body=1" for 127.0.0.1 at 2012-12-05 10:35:48 -0600
Served asset /custom.css - 304 Not Modified (1ms)


Started GET "/assets/static_pages.css?body=1" for 127.0.0.1 at 2012-12-05 10:35:48 -0600
Served asset /static_pages.css - 304 Not Modified (0ms)


Started GET "/assets/static_pages.js?body=1" for 127.0.0.1 at 2012-12-05 10:35:48 -0600
Served asset /static_pages.js - 304 Not Modified (0ms)


Started GET "/assets/jquery_ujs.js?body=1" for 127.0.0.1 at 2012-12-05 10:35:48 -0600
Served asset /jquery_ujs.js - 304 Not Modified (0ms)


Started GET "/assets/application.js?body=1" for 127.0.0.1 at 2012-12-05 10:35:48 -0600
Served asset /application.js - 304 Not Modified (0ms)


Started GET "/users/sign_up" for 127.0.0.1 at 2012-12-05 10:35:50 -0600
Processing by Devise::RegistrationsController#new as HTML
  Rendered /Users/swgerlach/.rvm/gems/ruby-1.9.3-p194/gems/devise-2.1.2/app/views/devise/shared/_links.erb (1.2ms)
  Rendered /Users/swgerlach/.rvm/gems/ruby-1.9.3-p194/gems/devise-2.1.2/app/views/devise/registrations/new.html.erb within layouts/application (39.9ms)
Completed 200 OK in 87ms (Views: 46.6ms | ActiveRecord: 1.3ms)


Started GET "/assets/application.css?body=1" for 127.0.0.1 at 2012-12-05 10:35:50 -0600
Served asset /application.css - 304 Not Modified (1ms)


Started GET "/assets/static_pages.css?body=1" for 127.0.0.1 at 2012-12-05 10:35:50 -0600
Served asset /static_pages.css - 304 Not Modified (0ms)


Started GET "/assets/jquery_ujs.js?body=1" for 127.0.0.1 at 2012-12-05 10:35:50 -0600
Served asset /jquery_ujs.js - 304 Not Modified (0ms)


Started GET "/assets/custom.css?body=1" for 127.0.0.1 at 2012-12-05 10:35:50 -0600
Served asset /custom.css - 304 Not Modified (1ms)


Started GET "/assets/jquery.js?body=1" for 127.0.0.1 at 2012-12-05 10:35:50 -0600
Served asset /jquery.js - 304 Not Modified (0ms)


Started GET "/assets/static_pages.js?body=1" for 127.0.0.1 at 2012-12-05 10:35:50 -0600
Served asset /static_pages.js - 304 Not Modified (0ms)


Started GET "/assets/application.js?body=1" for 127.0.0.1 at 2012-12-05 10:35:50 -0600
Served asset /application.js - 304 Not Modified (0ms)


Started POST "/users" for 127.0.0.1 at 2012-12-05 10:36:16 -0600
Processing by Devise::RegistrationsController#create as HTML
  Parameters: {"utf8"=>"✓", "authenticity_token"=>"RxuKZYBkD28eNmQL2skf9GqN/SFrA2TzEDTwhmqwfQ4=", "user"=>{"email"=>"swgerlach@gmail.com", "password"=>"[FILTERED]", "password_confirmation"=>"[FILTERED]"}, "commit"=>"Sign up"}
  [1m[36m (0.1ms)[0m  [1mbegin transaction[0m
  [1m[35mUser Exists (0.1ms)[0m  SELECT 1 AS one FROM "users" WHERE "users"."email" = 'swgerlach@gmail.com' LIMIT 1
Binary data inserted for `string` type on column `encrypted_password`
  [1m[36mSQL (46.3ms)[0m  [1mINSERT INTO "users" ("created_at", "current_sign_in_at", "current_sign_in_ip", "email", "encrypted_password", "last_sign_in_at", "last_sign_in_ip", "remember_created_at", "reset_password_sent_at", "reset_password_token", "sign_in_count", "updated_at") VALUES (?, ?, ?, ?, ?, ?, ?, ?, ?, ?, ?, ?)[0m  [["created_at", Wed, 05 Dec 2012 16:36:16 UTC +00:00], ["current_sign_in_at", nil], ["current_sign_in_ip", nil], ["email", "swgerlach@gmail.com"], ["encrypted_password", "$2a$10$UFnWuFsYxVJXxeeVpsISDexryb/nGXN5BDKDKomM8Z.m50lCO.AhK"], ["last_sign_in_at", nil], ["last_sign_in_ip", nil], ["remember_created_at", nil], ["reset_password_sent_at", nil], ["reset_password_token", nil], ["sign_in_count", 0], ["updated_at", Wed, 05 Dec 2012 16:36:16 UTC +00:00]]
  [1m[35m (2.1ms)[0m  commit transaction
  [1m[36m (0.0ms)[0m  [1mbegin transaction[0m
  [1m[35m (0.2ms)[0m  UPDATE "users" SET "last_sign_in_at" = '2012-12-05 16:36:16.805887', "current_sign_in_at" = '2012-12-05 16:36:16.805887', "last_sign_in_ip" = '127.0.0.1', "current_sign_in_ip" = '127.0.0.1', "sign_in_count" = 1, "updated_at" = '2012-12-05 16:36:16.806477' WHERE "users"."id" = 1
  [1m[36m (2.0ms)[0m  [1mcommit transaction[0m
Redirected to http://localhost:3000/
Completed 302 Found in 160ms (ActiveRecord: 0.0ms)


Started GET "/" for 127.0.0.1 at 2012-12-05 10:36:16 -0600
Processing by StaticPagesController#home as HTML
  Rendered static_pages/home.html.erb within layouts/application (0.3ms)
Completed 200 OK in 6ms (Views: 6.0ms | ActiveRecord: 0.0ms)


Started GET "/assets/application.css?body=1" for 127.0.0.1 at 2012-12-05 10:36:16 -0600
Served asset /application.css - 304 Not Modified (2ms)


Started GET "/assets/static_pages.css?body=1" for 127.0.0.1 at 2012-12-05 10:36:16 -0600
Served asset /static_pages.css - 304 Not Modified (0ms)


Started GET "/assets/jquery_ujs.js?body=1" for 127.0.0.1 at 2012-12-05 10:36:16 -0600
Served asset /jquery_ujs.js - 304 Not Modified (0ms)


Started GET "/assets/jquery.js?body=1" for 127.0.0.1 at 2012-12-05 10:36:16 -0600
Served asset /jquery.js - 304 Not Modified (0ms)


Started GET "/assets/custom.css?body=1" for 127.0.0.1 at 2012-12-05 10:36:16 -0600
Served asset /custom.css - 304 Not Modified (1ms)


Started GET "/assets/static_pages.js?body=1" for 127.0.0.1 at 2012-12-05 10:36:16 -0600
Served asset /static_pages.js - 304 Not Modified (0ms)


Started GET "/assets/application.js?body=1" for 127.0.0.1 at 2012-12-05 10:36:16 -0600
Served asset /application.js - 304 Not Modified (0ms)


Started GET "/" for 127.0.0.1 at 2012-12-05 10:45:50 -0600
Processing by StaticPagesController#home as HTML
  Rendered static_pages/home.html.erb within layouts/application (0.2ms)
Completed 500 Internal Server Error in 15ms

ActionView::Template::Error (undefined local variable or method `user_signed_in' for #<#<Class:0x007fe2362544d0>:0x007fe233d61e98>):
    15:               <nav>
    16:                 <ul class="nav pull-right">
    17:                 	<li><%= link_to "About", about_path %></li>
    18:                     <% if user_signed_in %>
    19:                     	<li><%= link_to "Sign Out", destroy_user_session_path, :method => :delete %></li>
    20:                     <% else %>
    21:                     	<li><%= link_to "Sign In", new_user_session_path %></li>
  app/views/layouts/application.html.erb:18:in `_app_views_layouts_application_html_erb__1165365306457805496_70304761334480'


  Rendered /Users/swgerlach/.rvm/gems/ruby-1.9.3-p194/gems/actionpack-3.2.9/lib/action_dispatch/middleware/templates/rescues/_trace.erb (1.0ms)
  Rendered /Users/swgerlach/.rvm/gems/ruby-1.9.3-p194/gems/actionpack-3.2.9/lib/action_dispatch/middleware/templates/rescues/_request_and_response.erb (0.7ms)
  Rendered /Users/swgerlach/.rvm/gems/ruby-1.9.3-p194/gems/actionpack-3.2.9/lib/action_dispatch/middleware/templates/rescues/template_error.erb within rescues/layout (6.0ms)


Started GET "/" for 127.0.0.1 at 2012-12-05 10:46:27 -0600
Processing by StaticPagesController#home as HTML
  Rendered static_pages/home.html.erb within layouts/application (0.3ms)
  [1m[35mUser Load (0.2ms)[0m  SELECT "users".* FROM "users" WHERE "users"."id" = 1 LIMIT 1
Completed 200 OK in 31ms (Views: 30.8ms | ActiveRecord: 0.2ms)


Started GET "/assets/application.css?body=1" for 127.0.0.1 at 2012-12-05 10:46:27 -0600
Served asset /application.css - 304 Not Modified (1ms)


Started GET "/assets/jquery.js?body=1" for 127.0.0.1 at 2012-12-05 10:46:27 -0600
Served asset /jquery.js - 304 Not Modified (0ms)


Started GET "/assets/static_pages.css?body=1" for 127.0.0.1 at 2012-12-05 10:46:27 -0600
Served asset /static_pages.css - 304 Not Modified (0ms)


Started GET "/assets/static_pages.js?body=1" for 127.0.0.1 at 2012-12-05 10:46:27 -0600
Served asset /static_pages.js - 304 Not Modified (0ms)


Started GET "/assets/jquery_ujs.js?body=1" for 127.0.0.1 at 2012-12-05 10:46:27 -0600
Served asset /jquery_ujs.js - 304 Not Modified (0ms)


Started GET "/assets/custom.css?body=1" for 127.0.0.1 at 2012-12-05 10:46:27 -0600
Served asset /custom.css - 304 Not Modified (1ms)


Started GET "/assets/application.js?body=1" for 127.0.0.1 at 2012-12-05 10:46:27 -0600
Served asset /application.js - 304 Not Modified (0ms)


Started DELETE "/users/sign_out" for 127.0.0.1 at 2012-12-05 10:46:34 -0600
Processing by Devise::SessionsController#destroy as HTML
  Parameters: {"authenticity_token"=>"RxuKZYBkD28eNmQL2skf9GqN/SFrA2TzEDTwhmqwfQ4="}
  [1m[36mUser Load (0.2ms)[0m  [1mSELECT "users".* FROM "users" WHERE "users"."id" = 1 LIMIT 1[0m
  [1m[35m (0.0ms)[0m  begin transaction
  [1m[36m (0.0ms)[0m  [1mcommit transaction[0m
Redirected to http://localhost:3000/
Completed 302 Found in 4ms (ActiveRecord: 0.2ms)


Started GET "/" for 127.0.0.1 at 2012-12-05 10:46:34 -0600
Processing by StaticPagesController#home as HTML
  Rendered static_pages/home.html.erb within layouts/application (0.3ms)
Completed 200 OK in 6ms (Views: 6.4ms | ActiveRecord: 0.0ms)


Started GET "/assets/application.css?body=1" for 127.0.0.1 at 2012-12-05 10:46:34 -0600
Served asset /application.css - 304 Not Modified (1ms)


Started GET "/assets/custom.css?body=1" for 127.0.0.1 at 2012-12-05 10:46:34 -0600
Served asset /custom.css - 304 Not Modified (1ms)


Started GET "/assets/jquery_ujs.js?body=1" for 127.0.0.1 at 2012-12-05 10:46:34 -0600
Served asset /jquery_ujs.js - 304 Not Modified (0ms)


Started GET "/assets/static_pages.js?body=1" for 127.0.0.1 at 2012-12-05 10:46:34 -0600
Served asset /static_pages.js - 304 Not Modified (0ms)


Started GET "/assets/jquery.js?body=1" for 127.0.0.1 at 2012-12-05 10:46:34 -0600
Served asset /jquery.js - 304 Not Modified (0ms)


Started GET "/assets/static_pages.css?body=1" for 127.0.0.1 at 2012-12-05 10:46:34 -0600
Served asset /static_pages.css - 304 Not Modified (0ms)


Started GET "/assets/application.js?body=1" for 127.0.0.1 at 2012-12-05 10:46:34 -0600
Served asset /application.js - 304 Not Modified (0ms)


Started GET "/users/sign_in" for 127.0.0.1 at 2012-12-05 10:46:37 -0600
Processing by Devise::SessionsController#new as HTML
  Rendered /Users/swgerlach/.rvm/gems/ruby-1.9.3-p194/gems/devise-2.1.2/app/views/devise/shared/_links.erb (0.4ms)
  Rendered /Users/swgerlach/.rvm/gems/ruby-1.9.3-p194/gems/devise-2.1.2/app/views/devise/sessions/new.html.erb within layouts/application (3.1ms)
Completed 200 OK in 10ms (Views: 9.7ms | ActiveRecord: 0.0ms)


Started GET "/assets/application.css?body=1" for 127.0.0.1 at 2012-12-05 10:46:37 -0600
Served asset /application.css - 304 Not Modified (1ms)


Started GET "/assets/custom.css?body=1" for 127.0.0.1 at 2012-12-05 10:46:37 -0600
Served asset /custom.css - 304 Not Modified (1ms)


Started GET "/assets/static_pages.css?body=1" for 127.0.0.1 at 2012-12-05 10:46:37 -0600
Served asset /static_pages.css - 304 Not Modified (0ms)


Started GET "/assets/static_pages.js?body=1" for 127.0.0.1 at 2012-12-05 10:46:37 -0600
Served asset /static_pages.js - 304 Not Modified (0ms)


Started GET "/assets/jquery.js?body=1" for 127.0.0.1 at 2012-12-05 10:46:37 -0600
Served asset /jquery.js - 304 Not Modified (0ms)


Started GET "/assets/jquery_ujs.js?body=1" for 127.0.0.1 at 2012-12-05 10:46:37 -0600
Served asset /jquery_ujs.js - 304 Not Modified (0ms)


Started GET "/assets/application.js?body=1" for 127.0.0.1 at 2012-12-05 10:46:37 -0600
Served asset /application.js - 304 Not Modified (0ms)


Started POST "/users/sign_in" for 127.0.0.1 at 2012-12-05 10:46:47 -0600
Processing by Devise::SessionsController#create as HTML
  Parameters: {"utf8"=>"✓", "authenticity_token"=>"FD+lJvxju7Jcycacmq3Z9rU5lOiMxunIN/uvFFCWKGg=", "user"=>{"email"=>"swgerlach@gmail.com", "password"=>"[FILTERED]", "remember_me"=>"1"}, "commit"=>"Sign in"}
  [1m[35mUser Load (0.1ms)[0m  SELECT "users".* FROM "users" WHERE "users"."email" = 'swgerlach@gmail.com' LIMIT 1
  [1m[36m (0.0ms)[0m  [1mbegin transaction[0m
  [1m[35m (0.3ms)[0m  UPDATE "users" SET "remember_created_at" = '2012-12-05 16:46:47.683935', "updated_at" = '2012-12-05 16:46:47.684360' WHERE "users"."id" = 1
  [1m[36m (1.3ms)[0m  [1mcommit transaction[0m
  [1m[35m (0.0ms)[0m  begin transaction
  [1m[36m (0.3ms)[0m  [1mUPDATE "users" SET "current_sign_in_at" = '2012-12-05 16:46:47.708282', "sign_in_count" = 2, "updated_at" = '2012-12-05 16:46:47.708797' WHERE "users"."id" = 1[0m
  [1m[35m (1.9ms)[0m  commit transaction
Redirected to http://localhost:3000/
Completed 302 Found in 102ms (ActiveRecord: 0.0ms)


Started GET "/" for 127.0.0.1 at 2012-12-05 10:46:47 -0600
Processing by StaticPagesController#home as HTML
  Rendered static_pages/home.html.erb within layouts/application (0.3ms)
  [1m[36mUser Load (0.2ms)[0m  [1mSELECT "users".* FROM "users" WHERE "users"."id" = 1 LIMIT 1[0m
Completed 200 OK in 7ms (Views: 6.8ms | ActiveRecord: 0.2ms)


Started GET "/assets/application.css?body=1" for 127.0.0.1 at 2012-12-05 10:46:47 -0600
Served asset /application.css - 304 Not Modified (2ms)


Started GET "/assets/custom.css?body=1" for 127.0.0.1 at 2012-12-05 10:46:47 -0600
Served asset /custom.css - 304 Not Modified (25ms)


Started GET "/assets/jquery.js?body=1" for 127.0.0.1 at 2012-12-05 10:46:47 -0600
Served asset /jquery.js - 304 Not Modified (0ms)


Started GET "/assets/jquery_ujs.js?body=1" for 127.0.0.1 at 2012-12-05 10:46:47 -0600
Served asset /jquery_ujs.js - 304 Not Modified (0ms)


Started GET "/assets/static_pages.css?body=1" for 127.0.0.1 at 2012-12-05 10:46:47 -0600
Served asset /static_pages.css - 304 Not Modified (0ms)


Started GET "/assets/static_pages.js?body=1" for 127.0.0.1 at 2012-12-05 10:46:47 -0600
Served asset /static_pages.js - 304 Not Modified (0ms)


Started GET "/assets/application.js?body=1" for 127.0.0.1 at 2012-12-05 10:46:47 -0600
Served asset /application.js - 304 Not Modified (0ms)


Started DELETE "/users/sign_out" for 127.0.0.1 at 2012-12-05 10:46:51 -0600
Processing by Devise::SessionsController#destroy as HTML
  Parameters: {"authenticity_token"=>"FD+lJvxju7Jcycacmq3Z9rU5lOiMxunIN/uvFFCWKGg="}
  [1m[35mUser Load (0.1ms)[0m  SELECT "users".* FROM "users" WHERE "users"."id" = 1 LIMIT 1
  [1m[36m (0.0ms)[0m  [1mbegin transaction[0m
  [1m[35m (0.2ms)[0m  UPDATE "users" SET "remember_created_at" = NULL, "updated_at" = '2012-12-05 16:46:51.428556' WHERE "users"."id" = 1
  [1m[36m (2.1ms)[0m  [1mcommit transaction[0m
Redirected to http://localhost:3000/
Completed 302 Found in 5ms (ActiveRecord: 2.5ms)


Started GET "/" for 127.0.0.1 at 2012-12-05 10:46:51 -0600
Processing by StaticPagesController#home as HTML
  Rendered static_pages/home.html.erb within layouts/application (0.2ms)
Completed 200 OK in 6ms (Views: 6.3ms | ActiveRecord: 0.0ms)


Started GET "/assets/application.css?body=1" for 127.0.0.1 at 2012-12-05 10:46:51 -0600
Served asset /application.css - 304 Not Modified (1ms)


Started GET "/assets/custom.css?body=1" for 127.0.0.1 at 2012-12-05 10:46:51 -0600
Served asset /custom.css - 304 Not Modified (1ms)


Started GET "/assets/jquery_ujs.js?body=1" for 127.0.0.1 at 2012-12-05 10:46:51 -0600
Served asset /jquery_ujs.js - 304 Not Modified (0ms)


Started GET "/assets/static_pages.css?body=1" for 127.0.0.1 at 2012-12-05 10:46:51 -0600
Served asset /static_pages.css - 304 Not Modified (0ms)


Started GET "/assets/jquery.js?body=1" for 127.0.0.1 at 2012-12-05 10:46:51 -0600
Served asset /jquery.js - 304 Not Modified (0ms)


Started GET "/assets/static_pages.js?body=1" for 127.0.0.1 at 2012-12-05 10:46:51 -0600
Served asset /static_pages.js - 304 Not Modified (0ms)


Started GET "/assets/application.js?body=1" for 127.0.0.1 at 2012-12-05 10:46:51 -0600
Served asset /application.js - 304 Not Modified (0ms)


Started GET "/users/sign_in" for 127.0.0.1 at 2012-12-05 10:46:52 -0600
Processing by Devise::SessionsController#new as HTML
  Rendered /Users/swgerlach/.rvm/gems/ruby-1.9.3-p194/gems/devise-2.1.2/app/views/devise/shared/_links.erb (0.3ms)
  Rendered /Users/swgerlach/.rvm/gems/ruby-1.9.3-p194/gems/devise-2.1.2/app/views/devise/sessions/new.html.erb within layouts/application (2.2ms)
Completed 200 OK in 9ms (Views: 8.3ms | ActiveRecord: 0.0ms)


Started GET "/assets/application.css?body=1" for 127.0.0.1 at 2012-12-05 10:46:52 -0600
Served asset /application.css - 304 Not Modified (1ms)


Started GET "/assets/static_pages.css?body=1" for 127.0.0.1 at 2012-12-05 10:46:52 -0600
Served asset /static_pages.css - 304 Not Modified (0ms)


Started GET "/assets/jquery.js?body=1" for 127.0.0.1 at 2012-12-05 10:46:52 -0600
Served asset /jquery.js - 304 Not Modified (0ms)


Started GET "/assets/jquery_ujs.js?body=1" for 127.0.0.1 at 2012-12-05 10:46:52 -0600
Served asset /jquery_ujs.js - 304 Not Modified (0ms)


Started GET "/assets/custom.css?body=1" for 127.0.0.1 at 2012-12-05 10:46:52 -0600
Served asset /custom.css - 304 Not Modified (2ms)


Started GET "/assets/static_pages.js?body=1" for 127.0.0.1 at 2012-12-05 10:46:52 -0600
Served asset /static_pages.js - 304 Not Modified (0ms)


Started GET "/assets/application.js?body=1" for 127.0.0.1 at 2012-12-05 10:46:52 -0600
Served asset /application.js - 304 Not Modified (0ms)


Started GET "/" for 127.0.0.1 at 2012-12-05 10:47:14 -0600
Processing by StaticPagesController#home as HTML
  Rendered static_pages/home.html.erb within layouts/application (0.2ms)
Completed 200 OK in 6ms (Views: 6.0ms | ActiveRecord: 0.0ms)


Started GET "/assets/application.css?body=1" for 127.0.0.1 at 2012-12-05 10:47:14 -0600
Served asset /application.css - 304 Not Modified (3ms)


Started GET "/assets/static_pages.css?body=1" for 127.0.0.1 at 2012-12-05 10:47:14 -0600
Served asset /static_pages.css - 304 Not Modified (0ms)


Started GET "/assets/jquery.js?body=1" for 127.0.0.1 at 2012-12-05 10:47:14 -0600
Served asset /jquery.js - 304 Not Modified (0ms)


Started GET "/assets/static_pages.js?body=1" for 127.0.0.1 at 2012-12-05 10:47:14 -0600
Served asset /static_pages.js - 304 Not Modified (0ms)


Started GET "/assets/custom.css?body=1" for 127.0.0.1 at 2012-12-05 10:47:14 -0600
Served asset /custom.css - 304 Not Modified (1ms)


Started GET "/assets/jquery_ujs.js?body=1" for 127.0.0.1 at 2012-12-05 10:47:14 -0600
Served asset /jquery_ujs.js - 304 Not Modified (0ms)


Started GET "/assets/application.js?body=1" for 127.0.0.1 at 2012-12-05 10:47:14 -0600
Served asset /application.js - 304 Not Modified (0ms)


Started GET "/" for 127.0.0.1 at 2012-12-05 10:50:03 -0600
Processing by StaticPagesController#home as HTML
  Rendered static_pages/home.html.erb within layouts/application (0.5ms)
Completed 200 OK in 7ms (Views: 6.5ms | ActiveRecord: 0.0ms)


Started GET "/assets/application.css?body=1" for 127.0.0.1 at 2012-12-05 10:50:03 -0600
Served asset /application.css - 304 Not Modified (1ms)


Started GET "/assets/jquery_ujs.js?body=1" for 127.0.0.1 at 2012-12-05 10:50:03 -0600
Served asset /jquery_ujs.js - 304 Not Modified (0ms)


Started GET "/assets/custom.css?body=1" for 127.0.0.1 at 2012-12-05 10:50:03 -0600
Served asset /custom.css - 304 Not Modified (1ms)


Started GET "/assets/static_pages.css?body=1" for 127.0.0.1 at 2012-12-05 10:50:03 -0600
Served asset /static_pages.css - 304 Not Modified (0ms)


Started GET "/assets/jquery.js?body=1" for 127.0.0.1 at 2012-12-05 10:50:03 -0600
Served asset /jquery.js - 304 Not Modified (0ms)


Started GET "/assets/static_pages.js?body=1" for 127.0.0.1 at 2012-12-05 10:50:03 -0600
Served asset /static_pages.js - 304 Not Modified (0ms)


Started GET "/assets/application.js?body=1" for 127.0.0.1 at 2012-12-05 10:50:03 -0600
Served asset /application.js - 304 Not Modified (0ms)
